This is pdfTeX, Version 3.141592653-2.6-1.40.22 (MiKTeX 21.3) (preloaded format=pdflatex 2021.5.8)  27 JUN 2021 23:28
entering extended mode
**./cartoonify.tex
(cartoonify.tex
LaTeX2e <2020-10-01> patch level 4
L3 programming layer <2021-02-18>
(/home/dinoanasta/.miktex/texmfs/install/tex/latex/base/report.cls
Document Class: report 2020/04/10 v1.4m Standard LaTeX document class
(/home/dinoanasta/.miktex/texmfs/install/tex/latex/base/size10.clo
File: size10.clo 2020/04/10 v1.4m Standard LaTeX file (size option)
)
\c@part=\count179
\c@chapter=\count180
\c@section=\count181
\c@subsection=\count182
\c@subsubsection=\count183
\c@paragraph=\count184
\c@subparagraph=\count185
\c@figure=\count186
\c@table=\count187
\abovecaptionskip=\skip47
\belowcaptionskip=\skip48
\bibindent=\dimen138
)
(/home/dinoanasta/.miktex/texmfs/install/tex/latex/preprint/fullpage.sty
Package: fullpage 1999/02/23 1.1 (PWD)
\FP@margin=\skip49
)
(/home/dinoanasta/.miktex/texmfs/install/tex/latex/float/float.sty
Package: float 2001/11/08 v1.3d Float enhancements (AL)
\c@float@type=\count188
\float@exts=\toks15
\float@box=\box47
\@float@everytoks=\toks16
\@floatcapt=\box48
)
(/home/dinoanasta/.miktex/texmfs/install/tex/latex/url/url.sty
\Urlmuskip=\muskip16
Package: url 2013/09/16  ver 3.4  Verb mode for urls, etc.
)
(/home/dinoanasta/.miktex/texmfs/install/tex/latex/psnfss/charter.sty
Package: charter 2020/03/25 PSNFSS-v9.3 (P.Dyballa) 
)
(/home/dinoanasta/.miktex/texmfs/install/tex/latex/graphics/graphicx.sty
Package: graphicx 2020/09/09 v1.2b Enhanced LaTeX Graphics (DPC,SPQR)

(/home/dinoanasta/.miktex/texmfs/install/tex/latex/graphics/keyval.sty
Package: keyval 2014/10/28 v1.15 key=value parser (DPC)
\KV@toks@=\toks17
)
(/home/dinoanasta/.miktex/texmfs/install/tex/latex/graphics/graphics.sty
Package: graphics 2020/08/30 v1.4c Standard LaTeX Graphics (DPC,SPQR)

(/home/dinoanasta/.miktex/texmfs/install/tex/latex/graphics/trig.sty
Package: trig 2016/01/03 v1.10 sin cos tan (DPC)
)
(/home/dinoanasta/.miktex/texmfs/install/tex/latex/graphics-cfg/graphics.cfg
File: graphics.cfg 2016/06/04 v1.11 sample graphics configuration
)
Package graphics Info: Driver file: pdftex.def on input line 105.

(/home/dinoanasta/.miktex/texmfs/install/tex/latex/graphics-def/pdftex.def
File: pdftex.def 2020/10/05 v1.2a Graphics/color driver for pdftex
))
\Gin@req@height=\dimen139
\Gin@req@width=\dimen140
)
(/home/dinoanasta/.miktex/texmfs/install/tex/latex/caption/caption.sty
Package: caption 2020/10/26 v3.5g Customizing captions (AR)

(/home/dinoanasta/.miktex/texmfs/install/tex/latex/caption/caption3.sty
Package: caption3 2020/10/21 v2.2e caption3 kernel (AR)
\captionmargin=\dimen141
\captionmargin@=\dimen142
\captionwidth=\dimen143
\caption@tempdima=\dimen144
\caption@indent=\dimen145
\caption@parindent=\dimen146
\caption@hangindent=\dimen147
Package caption Info: Standard document class detected.
)
\c@caption@flags=\count189
\c@continuedfloat=\count190
Package caption Info: float package is loaded.
)
(/home/dinoanasta/.miktex/texmfs/install/tex/latex/caption/subcaption.sty
Package: subcaption 2020/10/07 v1.3j Sub-captions (AR)
\c@subfigure=\count191
\c@subtable=\count192
)
(/home/dinoanasta/.miktex/texmfs/install/tex/latex/amsmath/amsmath.sty
Package: amsmath 2020/09/23 v2.17i AMS math features
\@mathmargin=\skip50

For additional information on amsmath, use the `?' option.
(/home/dinoanasta/.miktex/texmfs/install/tex/latex/amsmath/amstext.sty
Package: amstext 2000/06/29 v2.01 AMS text

(/home/dinoanasta/.miktex/texmfs/install/tex/latex/amsmath/amsgen.sty
File: amsgen.sty 1999/11/30 v2.0 generic functions
\@emptytoks=\toks18
\ex@=\dimen148
))
(/home/dinoanasta/.miktex/texmfs/install/tex/latex/amsmath/amsbsy.sty
Package: amsbsy 1999/11/29 v1.2d Bold Symbols
\pmbraise@=\dimen149
)
(/home/dinoanasta/.miktex/texmfs/install/tex/latex/amsmath/amsopn.sty
Package: amsopn 2016/03/08 v2.02 operator names
)
\inf@bad=\count193
LaTeX Info: Redefining \frac on input line 234.
\uproot@=\count194
\leftroot@=\count195
LaTeX Info: Redefining \overline on input line 399.
\classnum@=\count196
\DOTSCASE@=\count197
LaTeX Info: Redefining \ldots on input line 496.
LaTeX Info: Redefining \dots on input line 499.
LaTeX Info: Redefining \cdots on input line 620.
\Mathstrutbox@=\box49
\strutbox@=\box50
\big@size=\dimen150
LaTeX Font Info:    Redeclaring font encoding OML on input line 743.
LaTeX Font Info:    Redeclaring font encoding OMS on input line 744.
\macc@depth=\count198
\c@MaxMatrixCols=\count199
\dotsspace@=\muskip17
\c@parentequation=\count266
\dspbrk@lvl=\count267
\tag@help=\toks19
\row@=\count268
\column@=\count269
\maxfields@=\count270
\andhelp@=\toks20
\eqnshift@=\dimen151
\alignsep@=\dimen152
\tagshift@=\dimen153
\tagwidth@=\dimen154
\totwidth@=\dimen155
\lineht@=\dimen156
\@envbody=\toks21
\multlinegap=\skip51
\multlinetaggap=\skip52
\mathdisplay@stack=\toks22
LaTeX Info: Redefining \[ on input line 2923.
LaTeX Info: Redefining \] on input line 2924.
)
(/home/dinoanasta/.miktex/texmfs/install/tex/latex/amsfonts/amssymb.sty
Package: amssymb 2013/01/14 v3.01 AMS font symbols

(/home/dinoanasta/.miktex/texmfs/install/tex/latex/amsfonts/amsfonts.sty
Package: amsfonts 2013/01/14 v3.01 Basic AMSFonts support
\symAMSa=\mathgroup4
\symAMSb=\mathgroup5
LaTeX Font Info:    Redeclaring math symbol \hbar on input line 98.
LaTeX Font Info:    Overwriting math alphabet `\mathfrak' in version `bold'
(Font)                  U/euf/m/n --> U/euf/b/n on input line 106.
))
(/home/dinoanasta/.miktex/texmfs/install/tex/latex/amscls/amsthm.sty
Package: amsthm 2020/05/29 v2.20.6
\thm@style=\toks23
\thm@bodyfont=\toks24
\thm@headfont=\toks25
\thm@notefont=\toks26
\thm@headpunct=\toks27
\thm@preskip=\skip53
\thm@postskip=\skip54
\thm@headsep=\skip55
\dth@everypar=\toks28
)
(/home/dinoanasta/.miktex/texmfs/install/tex/latex/booktabs/booktabs.sty
Package: booktabs 2020/01/12 v1.61803398 Publication quality tables
\heavyrulewidth=\dimen157
\lightrulewidth=\dimen158
\cmidrulewidth=\dimen159
\belowrulesep=\dimen160
\belowbottomsep=\dimen161
\aboverulesep=\dimen162
\abovetopsep=\dimen163
\cmidrulesep=\dimen164
\cmidrulekern=\dimen165
\defaultaddspace=\dimen166
\@cmidla=\count271
\@cmidlb=\count272
\@aboverulesep=\dimen167
\@belowrulesep=\dimen168
\@thisruleclass=\count273
\@lastruleclass=\count274
\@thisrulewidth=\dimen169
)
(/home/dinoanasta/.miktex/texmfs/install/tex/latex/parskip/parskip.sty
Package: parskip 2021-03-14 v2.0h non-zero parskip adjustments

(/home/dinoanasta/.miktex/texmfs/install/tex/latex/kvoptions/kvoptions.sty
Package: kvoptions 2020-10-07 v3.14 Key value format for package options (HO)

(/home/dinoanasta/.miktex/texmfs/install/tex/generic/ltxcmds/ltxcmds.sty
Package: ltxcmds 2020-05-10 v1.25 LaTeX kernel commands for general use (HO)
)
(/home/dinoanasta/.miktex/texmfs/install/tex/generic/kvsetkeys/kvsetkeys.sty
Package: kvsetkeys 2019/12/15 v1.18 Key value parser (HO)
))
(/home/dinoanasta/.miktex/texmfs/install/tex/latex/etoolbox/etoolbox.sty
Package: etoolbox 2020/10/05 v2.5k e-TeX tools for LaTeX (JAW)
\etb@tempcnta=\count275
))
(/home/dinoanasta/.miktex/texmfs/install/tex/latex/nowidow/nowidow.sty
Package: nowidow 2011/09/20 1.0 Easily prevent widows and orphans
Package: nowidow 
)
(/home/dinoanasta/.miktex/texmfs/install/tex/latex/latex-tools/varioref.sty
Package: varioref 2020/08/11 v1.6e package for extended references (FMi)
\c@vrcnt=\count276
)
(/home/dinoanasta/.miktex/texmfs/install/tex/latex/hyperref/hyperref.sty
Package: hyperref 2021-02-27 v7.00k Hypertext links for LaTeX

(/home/dinoanasta/.miktex/texmfs/install/tex/generic/iftex/iftex.sty
Package: iftex 2020/03/06 v1.0d TeX engine tests
)
(/home/dinoanasta/.miktex/texmfs/install/tex/generic/pdftexcmds/pdftexcmds.sty
Package: pdftexcmds 2020-06-27 v0.33 Utility functions of pdfTeX for LuaTeX (HO
)

(/home/dinoanasta/.miktex/texmfs/install/tex/generic/infwarerr/infwarerr.sty
Package: infwarerr 2019/12/03 v1.5 Providing info/warning/error messages (HO)
)
Package pdftexcmds Info: \pdf@primitive is available.
Package pdftexcmds Info: \pdf@ifprimitive is available.
Package pdftexcmds Info: \pdfdraftmode found.
)
(/home/dinoanasta/.miktex/texmfs/install/tex/generic/kvdefinekeys/kvdefinekeys.
sty
Package: kvdefinekeys 2019-12-19 v1.6 Define keys (HO)
)
(/home/dinoanasta/.miktex/texmfs/install/tex/generic/pdfescape/pdfescape.sty
Package: pdfescape 2019/12/09 v1.15 Implements pdfTeX's escape features (HO)
)
(/home/dinoanasta/.miktex/texmfs/install/tex/latex/hycolor/hycolor.sty
Package: hycolor 2020-01-27 v1.10 Color options for hyperref/bookmark (HO)
)
(/home/dinoanasta/.miktex/texmfs/install/tex/latex/letltxmacro/letltxmacro.sty
Package: letltxmacro 2019/12/03 v1.6 Let assignment for LaTeX macros (HO)
) (/home/dinoanasta/.miktex/texmfs/install/tex/latex/auxhook/auxhook.sty
Package: auxhook 2019-12-17 v1.6 Hooks for auxiliary files (HO)
)
\@linkdim=\dimen170
\Hy@linkcounter=\count277
\Hy@pagecounter=\count278

(/home/dinoanasta/.miktex/texmfs/install/tex/latex/hyperref/pd1enc.def
File: pd1enc.def 2021-02-27 v7.00k Hyperref: PDFDocEncoding definition (HO)
Now handling font encoding PD1 ...
... no UTF-8 mapping file for font encoding PD1
)
(/home/dinoanasta/.miktex/texmfs/install/tex/latex/hyperref/hyperref-langpatche
s.def
File: hyperref-langpatches.def 2021-02-27 v7.00k Hyperref: patches for babel la
nguages
) (/home/dinoanasta/.miktex/texmfs/install/tex/generic/intcalc/intcalc.sty
Package: intcalc 2019/12/15 v1.3 Expandable calculations with integers (HO)
) (/home/dinoanasta/.miktex/texmfs/install/tex/generic/etexcmds/etexcmds.sty
Package: etexcmds 2019/12/15 v1.7 Avoid name clashes with e-TeX commands (HO)
)
\Hy@SavedSpaceFactor=\count279

(/home/dinoanasta/.miktex/texmfs/install/tex/latex/hyperref/puenc.def
File: puenc.def 2021-02-27 v7.00k Hyperref: PDF Unicode definition (HO)
Now handling font encoding PU ...
... no UTF-8 mapping file for font encoding PU
)
Package hyperref Info: Option `bookmarks' set `true' on input line 4073.
Package hyperref Info: Option `bookmarksopen' set `true' on input line 4073.
Package hyperref Info: Hyper figures OFF on input line 4192.
Package hyperref Info: Link nesting OFF on input line 4197.
Package hyperref Info: Hyper index ON on input line 4200.
Package hyperref Info: Plain pages OFF on input line 4207.
Package hyperref Info: Backreferencing OFF on input line 4212.
Package hyperref Info: Implicit mode ON; LaTeX internals redefined.
Package hyperref Info: Bookmarks ON on input line 4445.
\c@Hy@tempcnt=\count280
LaTeX Info: Redefining \url on input line 4804.
\XeTeXLinkMargin=\dimen171

(/home/dinoanasta/.miktex/texmfs/install/tex/generic/bitset/bitset.sty
Package: bitset 2019/12/09 v1.3 Handle bit-vector datatype (HO)

(/home/dinoanasta/.miktex/texmfs/install/tex/generic/bigintcalc/bigintcalc.sty
Package: bigintcalc 2019/12/15 v1.5 Expandable calculations on big integers (HO
)
))
\Fld@menulength=\count281
\Field@Width=\dimen172
\Fld@charsize=\dimen173
Package hyperref Info: Hyper figures OFF on input line 6075.
Package hyperref Info: Link nesting OFF on input line 6080.
Package hyperref Info: Hyper index ON on input line 6083.
Package hyperref Info: backreferencing OFF on input line 6090.
Package hyperref Info: Link coloring OFF on input line 6095.
Package hyperref Info: Link coloring with OCG OFF on input line 6100.
Package hyperref Info: PDF/A mode OFF on input line 6105.
LaTeX Info: Redefining \ref on input line 6145.
LaTeX Info: Redefining \pageref on input line 6149.
 (/home/dinoanasta/.miktex/texmfs/install/tex/latex/base/atbegshi-ltx.sty
Package: atbegshi-ltx 2020/08/17 v1.0a Emulation of the original atbegshi packa
ge
with kernel methods
)
\Hy@abspage=\count282
\c@Item=\count283
\c@Hfootnote=\count284
)
Package hyperref Info: Driver (autodetected): hpdftex.

(/home/dinoanasta/.miktex/texmfs/install/tex/latex/hyperref/hpdftex.def
File: hpdftex.def 2021-02-27 v7.00k Hyperref driver for pdfTeX

(/home/dinoanasta/.miktex/texmfs/install/tex/latex/base/atveryend-ltx.sty
Package: atveryend-ltx 2020/08/19 v1.0a Emulation of the original atvery packag
e
with kernel methods
)
\Fld@listcount=\count285
\c@bookmark@seq@number=\count286

(/home/dinoanasta/.miktex/texmfs/install/tex/latex/rerunfilecheck/rerunfilechec
k.sty
Package: rerunfilecheck 2019/12/05 v1.9 Rerun checks for auxiliary files (HO)

(/home/dinoanasta/.miktex/texmfs/install/tex/generic/uniquecounter/uniquecounte
r.sty
Package: uniquecounter 2019/12/15 v1.4 Provide unlimited unique counter (HO)
)
Package uniquecounter Info: New unique counter `rerunfilecheck' on input line 2
86.
)
\Hy@SectionHShift=\skip56
)
(/home/dinoanasta/.miktex/texmfs/install/tex/latex/cleveref/cleveref.sty
Package: cleveref 2018/03/27 v0.21.4 Intelligent cross-referencing
Package cleveref Info: `hyperref' support loaded on input line 2370.
LaTeX Info: Redefining \cref on input line 2370.
LaTeX Info: Redefining \Cref on input line 2370.
LaTeX Info: Redefining \crefrange on input line 2370.
LaTeX Info: Redefining \Crefrange on input line 2370.
LaTeX Info: Redefining \cpageref on input line 2370.
LaTeX Info: Redefining \Cpageref on input line 2370.
LaTeX Info: Redefining \cpagerefrange on input line 2370.
LaTeX Info: Redefining \Cpagerefrange on input line 2370.
LaTeX Info: Redefining \labelcref on input line 2370.
LaTeX Info: Redefining \labelcpageref on input line 2370.
Package cleveref Info: `varioref' support loaded on input line 2605.
Package cleveref Info: `cleveref' supersedes `varioref's \labelformatcommand on
 input line 2605.
LaTeX Info: Redefining \vref on input line 2605.
LaTeX Info: Redefining \Vref on input line 2605.
LaTeX Info: Redefining \vrefrange on input line 2605.
LaTeX Info: Redefining \fullref on input line 2605.
Package cleveref Info: `amsthm' support loaded on input line 3026.
)
(/home/dinoanasta/.miktex/texmfs/install/tex/latex/pgfgantt/pgfgantt.sty
Package: pgfgantt 2018/01/10 v5.0 Draw Gantt diagrams with TikZ

(/home/dinoanasta/.miktex/texmfs/install/tex/latex/pgf/frontendlayer/tikz.sty
(/home/dinoanasta/.miktex/texmfs/install/tex/latex/pgf/basiclayer/pgf.sty
(/home/dinoanasta/.miktex/texmfs/install/tex/latex/pgf/utilities/pgfrcs.sty
(/home/dinoanasta/.miktex/texmfs/install/tex/generic/pgf/utilities/pgfutil-comm
on.tex
\pgfutil@everybye=\toks29
\pgfutil@tempdima=\dimen174
\pgfutil@tempdimb=\dimen175

(/home/dinoanasta/.miktex/texmfs/install/tex/generic/pgf/utilities/pgfutil-comm
on-lists.tex))
(/home/dinoanasta/.miktex/texmfs/install/tex/generic/pgf/utilities/pgfutil-late
x.def
\pgfutil@abb=\box51
)
(/home/dinoanasta/.miktex/texmfs/install/tex/generic/pgf/utilities/pgfrcs.code.
tex (/home/dinoanasta/.miktex/texmfs/install/tex/generic/pgf/pgf.revision.tex)
Package: pgfrcs 2021/05/15 v3.1.9a (3.1.9a)
))
Package: pgf 2021/05/15 v3.1.9a (3.1.9a)
 (/home/dinoanasta/.miktex/texmfs/install/tex/latex/pgf/basiclayer/pgfcore.sty 
(/home/dinoanasta/.miktex/texmfs/install/tex/latex/pgf/systemlayer/pgfsys.sty
(/home/dinoanasta/.miktex/texmfs/install/tex/generic/pgf/systemlayer/pgfsys.cod
e.tex
Package: pgfsys 2021/05/15 v3.1.9a (3.1.9a)

(/home/dinoanasta/.miktex/texmfs/install/tex/generic/pgf/utilities/pgfkeys.code
.tex
\pgfkeys@pathtoks=\toks30
\pgfkeys@temptoks=\toks31

(/home/dinoanasta/.miktex/texmfs/install/tex/generic/pgf/utilities/pgfkeysfilte
red.code.tex
\pgfkeys@tmptoks=\toks32
))
\pgf@x=\dimen176
\pgf@y=\dimen177
\pgf@xa=\dimen178
\pgf@ya=\dimen179
\pgf@xb=\dimen180
\pgf@yb=\dimen181
\pgf@xc=\dimen182
\pgf@yc=\dimen183
\pgf@xd=\dimen184
\pgf@yd=\dimen185
\w@pgf@writea=\write3
\r@pgf@reada=\read2
\c@pgf@counta=\count287
\c@pgf@countb=\count288
\c@pgf@countc=\count289
\c@pgf@countd=\count290
\t@pgf@toka=\toks33
\t@pgf@tokb=\toks34
\t@pgf@tokc=\toks35
\pgf@sys@id@count=\count291

(/home/dinoanasta/.miktex/texmfs/install/tex/generic/pgf/systemlayer/pgf.cfg
File: pgf.cfg 2021/05/15 v3.1.9a (3.1.9a)
)
Driver file for pgf: pgfsys-pdftex.def

(/home/dinoanasta/.miktex/texmfs/install/tex/generic/pgf/systemlayer/pgfsys-pdf
tex.def
File: pgfsys-pdftex.def 2021/05/15 v3.1.9a (3.1.9a)

(/home/dinoanasta/.miktex/texmfs/install/tex/generic/pgf/systemlayer/pgfsys-com
mon-pdf.def
File: pgfsys-common-pdf.def 2021/05/15 v3.1.9a (3.1.9a)
)))
(/home/dinoanasta/.miktex/texmfs/install/tex/generic/pgf/systemlayer/pgfsyssoft
path.code.tex
File: pgfsyssoftpath.code.tex 2021/05/15 v3.1.9a (3.1.9a)
\pgfsyssoftpath@smallbuffer@items=\count292
\pgfsyssoftpath@bigbuffer@items=\count293
)
(/home/dinoanasta/.miktex/texmfs/install/tex/generic/pgf/systemlayer/pgfsysprot
ocol.code.tex
File: pgfsysprotocol.code.tex 2021/05/15 v3.1.9a (3.1.9a)
))
(/home/dinoanasta/.miktex/texmfs/install/tex/latex/xcolor/xcolor.sty
Package: xcolor 2016/05/11 v2.12 LaTeX color extensions (UK)

(/home/dinoanasta/.miktex/texmfs/install/tex/latex/graphics-cfg/color.cfg
File: color.cfg 2016/01/02 v1.6 sample color configuration
)
Package xcolor Info: Driver file: pdftex.def on input line 225.
Package xcolor Info: Model `cmy' substituted by `cmy0' on input line 1348.
Package xcolor Info: Model `hsb' substituted by `rgb' on input line 1352.
Package xcolor Info: Model `RGB' extended on input line 1364.
Package xcolor Info: Model `HTML' substituted by `rgb' on input line 1366.
Package xcolor Info: Model `Hsb' substituted by `hsb' on input line 1367.
Package xcolor Info: Model `tHsb' substituted by `hsb' on input line 1368.
Package xcolor Info: Model `HSB' substituted by `hsb' on input line 1369.
Package xcolor Info: Model `Gray' substituted by `gray' on input line 1370.
Package xcolor Info: Model `wave' substituted by `hsb' on input line 1371.
)
(/home/dinoanasta/.miktex/texmfs/install/tex/generic/pgf/basiclayer/pgfcore.cod
e.tex
Package: pgfcore 2021/05/15 v3.1.9a (3.1.9a)

(/home/dinoanasta/.miktex/texmfs/install/tex/generic/pgf/math/pgfmath.code.tex
(/home/dinoanasta/.miktex/texmfs/install/tex/generic/pgf/math/pgfmathcalc.code.
tex
(/home/dinoanasta/.miktex/texmfs/install/tex/generic/pgf/math/pgfmathutil.code.
tex)
(/home/dinoanasta/.miktex/texmfs/install/tex/generic/pgf/math/pgfmathparser.cod
e.tex
\pgfmath@dimen=\dimen186
\pgfmath@count=\count294
\pgfmath@box=\box52
\pgfmath@toks=\toks36
\pgfmath@stack@operand=\toks37
\pgfmath@stack@operation=\toks38
)
(/home/dinoanasta/.miktex/texmfs/install/tex/generic/pgf/math/pgfmathfunctions.
code.tex
(/home/dinoanasta/.miktex/texmfs/install/tex/generic/pgf/math/pgfmathfunctions.
basic.code.tex)
(/home/dinoanasta/.miktex/texmfs/install/tex/generic/pgf/math/pgfmathfunctions.
trigonometric.code.tex)
(/home/dinoanasta/.miktex/texmfs/install/tex/generic/pgf/math/pgfmathfunctions.
random.code.tex)
(/home/dinoanasta/.miktex/texmfs/install/tex/generic/pgf/math/pgfmathfunctions.
comparison.code.tex)
(/home/dinoanasta/.miktex/texmfs/install/tex/generic/pgf/math/pgfmathfunctions.
base.code.tex)
(/home/dinoanasta/.miktex/texmfs/install/tex/generic/pgf/math/pgfmathfunctions.
round.code.tex)
(/home/dinoanasta/.miktex/texmfs/install/tex/generic/pgf/math/pgfmathfunctions.
misc.code.tex)
(/home/dinoanasta/.miktex/texmfs/install/tex/generic/pgf/math/pgfmathfunctions.
integerarithmetics.code.tex)))
(/home/dinoanasta/.miktex/texmfs/install/tex/generic/pgf/math/pgfmathfloat.code
.tex
\c@pgfmathroundto@lastzeros=\count295
))
(/home/dinoanasta/.miktex/texmfs/install/tex/generic/pgf/math/pgfint.code.tex)
(/home/dinoanasta/.miktex/texmfs/install/tex/generic/pgf/basiclayer/pgfcorepoin
ts.code.tex
File: pgfcorepoints.code.tex 2021/05/15 v3.1.9a (3.1.9a)
\pgf@picminx=\dimen187
\pgf@picmaxx=\dimen188
\pgf@picminy=\dimen189
\pgf@picmaxy=\dimen190
\pgf@pathminx=\dimen191
\pgf@pathmaxx=\dimen192
\pgf@pathminy=\dimen193
\pgf@pathmaxy=\dimen194
\pgf@xx=\dimen195
\pgf@xy=\dimen196
\pgf@yx=\dimen197
\pgf@yy=\dimen198
\pgf@zx=\dimen199
\pgf@zy=\dimen256
)
(/home/dinoanasta/.miktex/texmfs/install/tex/generic/pgf/basiclayer/pgfcorepath
construct.code.tex
File: pgfcorepathconstruct.code.tex 2021/05/15 v3.1.9a (3.1.9a)
\pgf@path@lastx=\dimen257
\pgf@path@lasty=\dimen258
)
(/home/dinoanasta/.miktex/texmfs/install/tex/generic/pgf/basiclayer/pgfcorepath
usage.code.tex
File: pgfcorepathusage.code.tex 2021/05/15 v3.1.9a (3.1.9a)
\pgf@shorten@end@additional=\dimen259
\pgf@shorten@start@additional=\dimen260
)
(/home/dinoanasta/.miktex/texmfs/install/tex/generic/pgf/basiclayer/pgfcorescop
es.code.tex
File: pgfcorescopes.code.tex 2021/05/15 v3.1.9a (3.1.9a)
\pgfpic=\box53
\pgf@hbox=\box54
\pgf@layerbox@main=\box55
\pgf@picture@serial@count=\count296
)
(/home/dinoanasta/.miktex/texmfs/install/tex/generic/pgf/basiclayer/pgfcoregrap
hicstate.code.tex
File: pgfcoregraphicstate.code.tex 2021/05/15 v3.1.9a (3.1.9a)
\pgflinewidth=\dimen261
)
(/home/dinoanasta/.miktex/texmfs/install/tex/generic/pgf/basiclayer/pgfcoretran
sformations.code.tex
File: pgfcoretransformations.code.tex 2021/05/15 v3.1.9a (3.1.9a)
\pgf@pt@x=\dimen262
\pgf@pt@y=\dimen263
\pgf@pt@temp=\dimen264
)
(/home/dinoanasta/.miktex/texmfs/install/tex/generic/pgf/basiclayer/pgfcorequic
k.code.tex
File: pgfcorequick.code.tex 2021/05/15 v3.1.9a (3.1.9a)
)
(/home/dinoanasta/.miktex/texmfs/install/tex/generic/pgf/basiclayer/pgfcoreobje
cts.code.tex
File: pgfcoreobjects.code.tex 2021/05/15 v3.1.9a (3.1.9a)
)
(/home/dinoanasta/.miktex/texmfs/install/tex/generic/pgf/basiclayer/pgfcorepath
processing.code.tex
File: pgfcorepathprocessing.code.tex 2021/05/15 v3.1.9a (3.1.9a)
)
(/home/dinoanasta/.miktex/texmfs/install/tex/generic/pgf/basiclayer/pgfcorearro
ws.code.tex
File: pgfcorearrows.code.tex 2021/05/15 v3.1.9a (3.1.9a)
\pgfarrowsep=\dimen265
)
(/home/dinoanasta/.miktex/texmfs/install/tex/generic/pgf/basiclayer/pgfcoreshad
e.code.tex
File: pgfcoreshade.code.tex 2021/05/15 v3.1.9a (3.1.9a)
\pgf@max=\dimen266
\pgf@sys@shading@range@num=\count297
\pgf@shadingcount=\count298
)
(/home/dinoanasta/.miktex/texmfs/install/tex/generic/pgf/basiclayer/pgfcoreimag
e.code.tex
File: pgfcoreimage.code.tex 2021/05/15 v3.1.9a (3.1.9a)

(/home/dinoanasta/.miktex/texmfs/install/tex/generic/pgf/basiclayer/pgfcoreexte
rnal.code.tex
File: pgfcoreexternal.code.tex 2021/05/15 v3.1.9a (3.1.9a)
\pgfexternal@startupbox=\box56
))
(/home/dinoanasta/.miktex/texmfs/install/tex/generic/pgf/basiclayer/pgfcorelaye
rs.code.tex
File: pgfcorelayers.code.tex 2021/05/15 v3.1.9a (3.1.9a)
)
(/home/dinoanasta/.miktex/texmfs/install/tex/generic/pgf/basiclayer/pgfcoretran
sparency.code.tex
File: pgfcoretransparency.code.tex 2021/05/15 v3.1.9a (3.1.9a)
)
(/home/dinoanasta/.miktex/texmfs/install/tex/generic/pgf/basiclayer/pgfcorepatt
erns.code.tex
File: pgfcorepatterns.code.tex 2021/05/15 v3.1.9a (3.1.9a)
)
(/home/dinoanasta/.miktex/texmfs/install/tex/generic/pgf/basiclayer/pgfcorerdf.
code.tex
File: pgfcorerdf.code.tex 2021/05/15 v3.1.9a (3.1.9a)
)))
(/home/dinoanasta/.miktex/texmfs/install/tex/generic/pgf/modules/pgfmoduleshape
s.code.tex
File: pgfmoduleshapes.code.tex 2021/05/15 v3.1.9a (3.1.9a)
\pgfnodeparttextbox=\box57
)
(/home/dinoanasta/.miktex/texmfs/install/tex/generic/pgf/modules/pgfmoduleplot.
code.tex
File: pgfmoduleplot.code.tex 2021/05/15 v3.1.9a (3.1.9a)
)
(/home/dinoanasta/.miktex/texmfs/install/tex/latex/pgf/compatibility/pgfcomp-ve
rsion-0-65.sty
Package: pgfcomp-version-0-65 2021/05/15 v3.1.9a (3.1.9a)
\pgf@nodesepstart=\dimen267
\pgf@nodesepend=\dimen268
)
(/home/dinoanasta/.miktex/texmfs/install/tex/latex/pgf/compatibility/pgfcomp-ve
rsion-1-18.sty
Package: pgfcomp-version-1-18 2021/05/15 v3.1.9a (3.1.9a)
))
(/home/dinoanasta/.miktex/texmfs/install/tex/latex/pgf/utilities/pgffor.sty
(/home/dinoanasta/.miktex/texmfs/install/tex/latex/pgf/utilities/pgfkeys.sty
(/home/dinoanasta/.miktex/texmfs/install/tex/generic/pgf/utilities/pgfkeys.code
.tex)) (/home/dinoanasta/.miktex/texmfs/install/tex/latex/pgf/math/pgfmath.sty
(/home/dinoanasta/.miktex/texmfs/install/tex/generic/pgf/math/pgfmath.code.tex)
)
(/home/dinoanasta/.miktex/texmfs/install/tex/generic/pgf/utilities/pgffor.code.
tex
Package: pgffor 2021/05/15 v3.1.9a (3.1.9a)

(/home/dinoanasta/.miktex/texmfs/install/tex/generic/pgf/math/pgfmath.code.tex)
\pgffor@iter=\dimen269
\pgffor@skip=\dimen270
\pgffor@stack=\toks39
\pgffor@toks=\toks40
))
(/home/dinoanasta/.miktex/texmfs/install/tex/generic/pgf/frontendlayer/tikz/tik
z.code.tex
Package: tikz 2021/05/15 v3.1.9a (3.1.9a)

(/home/dinoanasta/.miktex/texmfs/install/tex/generic/pgf/libraries/pgflibrarypl
othandlers.code.tex
File: pgflibraryplothandlers.code.tex 2021/05/15 v3.1.9a (3.1.9a)
\pgf@plot@mark@count=\count299
\pgfplotmarksize=\dimen271
)
\tikz@lastx=\dimen272
\tikz@lasty=\dimen273
\tikz@lastxsaved=\dimen274
\tikz@lastysaved=\dimen275
\tikz@lastmovetox=\dimen276
\tikz@lastmovetoy=\dimen277
\tikzleveldistance=\dimen278
\tikzsiblingdistance=\dimen279
\tikz@figbox=\box58
\tikz@figbox@bg=\box59
\tikz@tempbox=\box60
\tikz@tempbox@bg=\box61
\tikztreelevel=\count300
\tikznumberofchildren=\count301
\tikznumberofcurrentchild=\count302
\tikz@fig@count=\count303

(/home/dinoanasta/.miktex/texmfs/install/tex/generic/pgf/modules/pgfmodulematri
x.code.tex
File: pgfmodulematrix.code.tex 2021/05/15 v3.1.9a (3.1.9a)
\pgfmatrixcurrentrow=\count304
\pgfmatrixcurrentcolumn=\count305
\pgf@matrix@numberofcolumns=\count306
)
\tikz@expandcount=\count307

(/home/dinoanasta/.miktex/texmfs/install/tex/generic/pgf/frontendlayer/tikz/lib
raries/tikzlibrarytopaths.code.tex
File: tikzlibrarytopaths.code.tex 2021/05/15 v3.1.9a (3.1.9a)
)))
(/home/dinoanasta/.miktex/texmfs/install/tex/generic/pgf/frontendlayer/tikz/lib
raries/tikzlibraryarrows.code.tex
File: tikzlibraryarrows.code.tex 2021/05/15 v3.1.9a (3.1.9a)

(/home/dinoanasta/.miktex/texmfs/install/tex/generic/pgf/libraries/pgflibraryar
rows.code.tex
File: pgflibraryarrows.code.tex 2021/05/15 v3.1.9a (3.1.9a)
\arrowsize=\dimen280
))
(/home/dinoanasta/.miktex/texmfs/install/tex/generic/pgf/frontendlayer/tikz/lib
raries/tikzlibrarybackgrounds.code.tex
File: tikzlibrarybackgrounds.code.tex 2021/05/15 v3.1.9a (3.1.9a)
\pgf@layerbox@background=\box62
\pgf@layerboxsaved@background=\box63
)
(/home/dinoanasta/.miktex/texmfs/install/tex/generic/pgf/frontendlayer/tikz/lib
raries/tikzlibrarycalc.code.tex
File: tikzlibrarycalc.code.tex 2021/05/15 v3.1.9a (3.1.9a)
)
(/home/dinoanasta/.miktex/texmfs/install/tex/generic/pgf/frontendlayer/tikz/lib
raries/tikzlibrarypatterns.code.tex
File: tikzlibrarypatterns.code.tex 2021/05/15 v3.1.9a (3.1.9a)

(/home/dinoanasta/.miktex/texmfs/install/tex/generic/pgf/libraries/pgflibrarypa
tterns.code.tex
File: pgflibrarypatterns.code.tex 2021/05/15 v3.1.9a (3.1.9a)
))
(/home/dinoanasta/.miktex/texmfs/install/tex/generic/pgf/frontendlayer/tikz/lib
raries/tikzlibrarypositioning.code.tex
File: tikzlibrarypositioning.code.tex 2021/05/15 v3.1.9a (3.1.9a)
)
(/home/dinoanasta/.miktex/texmfs/install/tex/generic/pgf/frontendlayer/tikz/lib
raries/tikzlibraryshapes.geometric.code.tex
File: tikzlibraryshapes.geometric.code.tex 2021/05/15 v3.1.9a (3.1.9a)

(/home/dinoanasta/.miktex/texmfs/install/tex/generic/pgf/libraries/shapes/pgfli
braryshapes.geometric.code.tex
File: pgflibraryshapes.geometric.code.tex 2021/05/15 v3.1.9a (3.1.9a)
))
(/home/dinoanasta/.miktex/texmfs/install/tex/latex/pgf/utilities/pgfcalendar.st
y
(/home/dinoanasta/.miktex/texmfs/install/tex/generic/pgf/utilities/pgfcalendar.
code.tex
File: pgfcalendar.code.tex 2021/05/15 v3.1.9a (3.1.9a)

(/home/dinoanasta/.miktex/texmfs/install/tex/generic/pgf/math/pgfint.code.tex)
\pgfcalendarcurrentjulian=\count308
\pgf@cal@easter@Y=\count309
\pgf@cal@easter@G=\count310
\pgf@cal@easter@C=\count311
\pgf@cal@easter@X=\count312
\pgf@cal@easter@Z=\count313
\pgf@cal@easter@D=\count314
\pgf@cal@easter@E=\count315
\pgf@cal@easter@N=\count316
\pgf@cal@easter@M=\count317
\pgf@cal@easter@julianday=\count318
))
\gtt@currentline=\count319
\gtt@lasttitleline=\count320
\gtt@currgrid=\count321
\gtt@chartwidth=\count322
\gtt@lasttitleslot=\count323
\gtt@elementid=\count324
\gtt@today@slot=\count325
\gtt@startjulian=\count326
\gtt@endjulian=\count327
\gtt@chartid=\count328
\gtt@vrule@slot=\count329
\gtt@calendar@slots=\count330
\gtt@calendar@weeknumber=\count331
\gtt@calendar@startofweek=\count332
\gtt@left@slot=\count333
\gtt@right@slot=\count334
)
Package hyperref Info: Option `colorlinks' set `true' on input line 39.
 (natbib.sty
Package: natbib 1999/05/28 7.0 (PWD)
\bibhang=\skip57
\bibsep=\skip58
LaTeX Info: Redefining \cite on input line 508.
\c@NAT@ctr=\count335
) (natbib-add.tex)
LaTeX Font Info:    Trying to load font information for OT1+bch on input line 6
3.

(/home/dinoanasta/.miktex/texmfs/install/tex/latex/psnfss/ot1bch.fd
File: ot1bch.fd 2004/10/18 font definitions for OT1/bch.
)
(/home/dinoanasta/.miktex/texmfs/install/tex/latex/l3backend/l3backend-pdftex.d
ef
File: l3backend-pdftex.def 2021-03-18 L3 backend support: PDF output (pdfTeX)
\l__color_backend_stack_int=\count336
\l__pdf_internal_box=\box64
) (cartoonify.aux (Appendices/appendix.aux))
\openout1 = `cartoonify.aux'.

LaTeX Font Info:    Checking defaults for OML/cmm/m/it on input line 63.
LaTeX Font Info:    ... okay on input line 63.
LaTeX Font Info:    Checking defaults for OMS/cmsy/m/n on input line 63.
LaTeX Font Info:    ... okay on input line 63.
LaTeX Font Info:    Checking defaults for OT1/cmr/m/n on input line 63.
LaTeX Font Info:    ... okay on input line 63.
LaTeX Font Info:    Checking defaults for T1/cmr/m/n on input line 63.
LaTeX Font Info:    ... okay on input line 63.
LaTeX Font Info:    Checking defaults for TS1/cmr/m/n on input line 63.
LaTeX Font Info:    ... okay on input line 63.
LaTeX Font Info:    Checking defaults for OMX/cmex/m/n on input line 63.
LaTeX Font Info:    ... okay on input line 63.
LaTeX Font Info:    Checking defaults for U/cmr/m/n on input line 63.
LaTeX Font Info:    ... okay on input line 63.
LaTeX Font Info:    Checking defaults for PD1/pdf/m/n on input line 63.
LaTeX Font Info:    ... okay on input line 63.
LaTeX Font Info:    Checking defaults for PU/pdf/m/n on input line 63.
LaTeX Font Info:    ... okay on input line 63.

(/home/dinoanasta/.miktex/texmfs/install/tex/context/base/mkii/supp-pdf.mkii
[Loading MPS to PDF converter (version 2006.09.02).]
\scratchcounter=\count337
\scratchdimen=\dimen281
\scratchbox=\box65
\nofMPsegments=\count338
\nofMParguments=\count339
\everyMPshowfont=\toks41
\MPscratchCnt=\count340
\MPscratchDim=\dimen282
\MPnumerator=\count341
\makeMPintoPDFobject=\count342
\everyMPtoPDFconversion=\toks42
)
(/home/dinoanasta/.miktex/texmfs/install/tex/latex/epstopdf-pkg/epstopdf-base.s
ty
Package: epstopdf-base 2020-01-24 v2.11 Base part for package epstopdf
Package epstopdf-base Info: Redefining graphics rule for `.eps' on input line 4
85.
 (/home/dinoanasta/.miktex/texmfs/install/tex/latex/00miktex/epstopdf-sys.cfg
File: epstopdf-sys.cfg 2021/03/18 v2.0 Configuration of epstopdf for MiKTeX
))
Package caption Info: Begin \AtBeginDocument code.
Package caption Info: hyperref package is loaded.
Package caption Info: End \AtBeginDocument code.
Package hyperref Info: Link coloring ON on input line 63.
 (/home/dinoanasta/.miktex/texmfs/install/tex/latex/hyperref/nameref.sty
Package: nameref 2021-04-02 v2.47 Cross-referencing by name of section

(/home/dinoanasta/.miktex/texmfs/install/tex/latex/refcount/refcount.sty
Package: refcount 2019/12/15 v3.6 Data extraction from label references (HO)
)
(/home/dinoanasta/.miktex/texmfs/install/tex/generic/gettitlestring/gettitlestr
ing.sty
Package: gettitlestring 2019/12/15 v1.6 Cleanup title references (HO)
)
\c@section@level=\count343
LaTeX Info: Redefining \Ref on input line 520.
)
LaTeX Info: Redefining \ref on input line 63.
LaTeX Info: Redefining \pageref on input line 63.
LaTeX Info: Redefining \nameref on input line 63.
 (cartoonify.out) (cartoonify.out)
\@outlinefile=\write4
\openout4 = `cartoonify.out'.

LaTeX Info: Redefining \Ref on input line 63.
<../Images/Output_Individual/Glitch_Portrait.jpg, id=106, 3035.34pt x 4047.12pt
>
File: ../Images/Output_Individual/Glitch_Portrait.jpg Graphic file (type jpg)
<use ../Images/Output_Individual/Glitch_Portrait.jpg>
Package pdftex.def Info: ../Images/Output_Individual/Glitch_Portrait.jpg  used 
on input line 83.
(pdftex.def)             Requested size: 226.48395pt x 301.97705pt.
 [0


{/home/dinoanasta/.miktex/texmfs/data/pdftex/config/pdftex.map} <../Images/Outp
ut_Individual/Glitch_Portrait.jpg>]
<Images/DinoSign.png, id=112, 401.5pt x 200.75pt>
File: Images/DinoSign.png Graphic file (type png)
<use Images/DinoSign.png>
Package pdftex.def Info: Images/DinoSign.png  used on input line 103.
(pdftex.def)             Requested size: 85.35826pt x 42.67947pt.
 [1 <./Images/DinoSign.png>] (cartoonify.toc
LaTeX Font Info:    Trying to load font information for U+msa on input line 2.

(/home/dinoanasta/.miktex/texmfs/install/tex/latex/amsfonts/umsa.fd
File: umsa.fd 2013/01/14 v3.01 AMS symbols A
)
LaTeX Font Info:    Trying to load font information for U+msb on input line 2.

(/home/dinoanasta/.miktex/texmfs/install/tex/latex/amsfonts/umsb.fd
File: umsb.fd 2013/01/14 v3.01 AMS symbols B
))
\tf@toc=\write5
\openout5 = `cartoonify.toc'.

 [2

]
(cartoonify.lof)
\tf@lof=\write6
\openout6 = `cartoonify.lof'.

 [3

]
Chapter 1.
[1



]
Chapter 2.

Underfull \hbox (badness 1721) in paragraph at lines 130--131
\OT1/bch/m/n/10 This section contains the main effects of the
 []


Underfull \hbox (badness 3525) in paragraph at lines 130--131
\OT1/bch/m/n/10 project, which have been implemented from
 []


Underfull \hbox (badness 1275) in paragraph at lines 133--140
\OT1/bch/m/n/10 from image since cartoons are simple. Edge
 []


Underfull \hbox (badness 2521) in paragraph at lines 133--140
\OT1/bch/m/n/10 detection on blurred gray image. Using k-
 []


Underfull \hbox (badness 4699) in paragraph at lines 133--140
\OT1/bch/m/n/10 Gaussian blurring to remove further details.
 []


Underfull \hbox (badness 3735) in paragraph at lines 133--140
\OT1/bch/m/n/10 Combine extracted edges with clustered and
 []

<../Images/Process/Effect1_Cartoonify.jpg, id=196, 1190.64825pt x 1339.1631pt>
File: ../Images/Process/Effect1_Cartoonify.jpg Graphic file (type jpg)
<use ../Images/Process/Effect1_Cartoonify.jpg>
Package pdftex.def Info: ../Images/Process/Effect1_Cartoonify.jpg  used on inpu
t line 144.
(pdftex.def)             Requested size: 221.48395pt x 249.11037pt.
<../Images/Process/Effect2_Pencil_Sketch.jpg, id=198, 1246.6575pt x 902.6523pt>

File: ../Images/Process/Effect2_Pencil_Sketch.jpg Graphic file (type jpg)
<use ../Images/Process/Effect2_Pencil_Sketch.jpg>
Package pdftex.def Info: ../Images/Process/Effect2_Pencil_Sketch.jpg  used on i
nput line 157.
(pdftex.def)             Requested size: 221.48395pt x 160.36308pt.
<../Images/Process/Effect3_Pixelate.jpg, id=200, 1246.6575pt x 466.1415pt>
File: ../Images/Process/Effect3_Pixelate.jpg Graphic file (type jpg)
<use ../Images/Process/Effect3_Pixelate.jpg>
Package pdftex.def Info: ../Images/Process/Effect3_Pixelate.jpg  used on input 
line 169.
(pdftex.def)             Requested size: 221.48395pt x 82.8136pt.
<../Images/Process/Effect4_Emboss.jpg, id=202, 854.59274pt x 466.1415pt>
File: ../Images/Process/Effect4_Emboss.jpg Graphic file (type jpg)
<use ../Images/Process/Effect4_Emboss.jpg>
Package pdftex.def Info: ../Images/Process/Effect4_Emboss.jpg  used on input li
ne 183.
(pdftex.def)             Requested size: 221.48395pt x 120.80983pt.

LaTeX Warning: `h' float specifier changed to `ht'.

[2

 <../Images/Process/Effect1_Cartoonify.jpg> <../Images/Process/Effect2_Pencil_S
ketch.jpg> <../Images/Process/Effect3_Pixelate.jpg>]
Underfull \hbox (badness 10000) in paragraph at lines 196--198
\OT1/bch/m/n/10 Random ColorMap selected
 []


Underfull \hbox (badness 10000) in paragraph at lines 196--198
\OT1/bch/m/n/10 from [cv2.COLORMAP[]AUTUMN,
 []


Underfull \hbox (badness 10000) in paragraph at lines 196--198
\OT1/bch/m/n/10 cv2.COLORMAP[]WINTER,
 []


Underfull \hbox (badness 10000) in paragraph at lines 196--198
\OT1/bch/m/n/10 cv2.COLORMAP[]SUMMER,
 []

<../Images/Output_Individual/Duo_Portrait.jpg, id=213, 3035.34pt x 4047.12pt>
File: ../Images/Output_Individual/Duo_Portrait.jpg Graphic file (type jpg)
<use ../Images/Output_Individual/Duo_Portrait.jpg>
Package pdftex.def Info: ../Images/Output_Individual/Duo_Portrait.jpg  used on 
input line 212.
(pdftex.def)             Requested size: 66.44585pt x 88.55522pt.
<../Images/Output_Individual/Thermal1_Portrait.jpg, id=214, 3035.34pt x 4047.12
pt>
File: ../Images/Output_Individual/Thermal1_Portrait.jpg Graphic file (type jpg)

<use ../Images/Output_Individual/Thermal1_Portrait.jpg>
Package pdftex.def Info: ../Images/Output_Individual/Thermal1_Portrait.jpg  use
d on input line 213.
(pdftex.def)             Requested size: 66.44585pt x 88.55522pt.
<../Images/Output_Individual/Thermal2_Portrait.jpg, id=215, 3035.34pt x 4047.12
pt>
File: ../Images/Output_Individual/Thermal2_Portrait.jpg Graphic file (type jpg)

<use ../Images/Output_Individual/Thermal2_Portrait.jpg>
Package pdftex.def Info: ../Images/Output_Individual/Thermal2_Portrait.jpg  use
d on input line 214.
(pdftex.def)             Requested size: 66.44585pt x 88.55522pt.
<../Images/Output_Individual/Thermal3_Portrait.jpg, id=216, 3035.34pt x 4047.12
pt>
File: ../Images/Output_Individual/Thermal3_Portrait.jpg Graphic file (type jpg)

<use ../Images/Output_Individual/Thermal3_Portrait.jpg>
Package pdftex.def Info: ../Images/Output_Individual/Thermal3_Portrait.jpg  use
d on input line 215.
(pdftex.def)             Requested size: 66.44585pt x 88.55522pt.
<../Images/Output_Individual/UV_Portrait.jpg, id=217, 3035.34pt x 4047.12pt>
File: ../Images/Output_Individual/UV_Portrait.jpg Graphic file (type jpg)
<use ../Images/Output_Individual/UV_Portrait.jpg>
Package pdftex.def Info: ../Images/Output_Individual/UV_Portrait.jpg  used on i
nput line 216.
(pdftex.def)             Requested size: 66.44585pt x 88.55522pt.

LaTeX Warning: `h' float specifier changed to `ht'.

<../Images/Output_Individual/WaterColour_Portrait.jpg, id=222, 3035.34pt x 4047
.12pt>
File: ../Images/Output_Individual/WaterColour_Portrait.jpg Graphic file (type j
pg)
<use ../Images/Output_Individual/WaterColour_Portrait.jpg>
Package pdftex.def Info: ../Images/Output_Individual/WaterColour_Portrait.jpg  
used on input line 236.
(pdftex.def)             Requested size: 66.44585pt x 88.55522pt.
<../Images/Output_Individual/Enhance_Portrait.jpg, id=223, 3035.34pt x 4047.12p
t>
File: ../Images/Output_Individual/Enhance_Portrait.jpg Graphic file (type jpg)
<use ../Images/Output_Individual/Enhance_Portrait.jpg>
Package pdftex.def Info: ../Images/Output_Individual/Enhance_Portrait.jpg  used
 on input line 237.
(pdftex.def)             Requested size: 66.44585pt x 88.55522pt.
File: ../Images/Output_Individual/Glitch_Portrait.jpg Graphic file (type jpg)
<use ../Images/Output_Individual/Glitch_Portrait.jpg>
Package pdftex.def Info: ../Images/Output_Individual/Glitch_Portrait.jpg  used 
on input line 238.
(pdftex.def)             Requested size: 66.44585pt x 88.55522pt.

LaTeX Warning: `h' float specifier changed to `ht'.

[3 <../Images/Process/Effect4_Emboss.jpg> <../Images/Output_Individual/Duo_Port
rait.jpg> <../Images/Output_Individual/Thermal1_Portrait.jpg> <../Images/Output
_Individual/Thermal2_Portrait.jpg> <../Images/Output_Individual/Thermal3_Portra
it.jpg> <../Images/Output_Individual/UV_Portrait.jpg>] [4

 <../Images/Output_Individual/WaterColour_Portrait.jpg> <../Images/Output_Indiv
idual/Enhance_Portrait.jpg>]
Chapter 3.

Underfull \hbox (badness 10000) in paragraph at lines 251--252
[][][]$\OT1/cmtt/m/n/10 https : / / programmerbackpack . com / python -[]
 []


Underfull \hbox (badness 10000) in paragraph at lines 251--252
\OT1/cmtt/m/n/10 opencv -[] building -[] instagram -[] like -[] image -[]
 []


Underfull \hbox (badness 10000) in paragraph at lines 252--253
[][][]$\OT1/cmtt/m/n/10 https : / / python . joho . info / image -[]
 []


Underfull \hbox (badness 10000) in paragraph at lines 253--254
[][][]$\OT1/cmtt/m/n/10 https : / / ulwazi . wits . ac . za / courses /
 []


Underfull \hbox (badness 10000) in paragraph at lines 253--254
\OT1/cmtt/m/n/10 12061 / assignments / 72155 ? module _ item _
 []


Underfull \hbox (badness 10000) in paragraph at lines 254--255
[][][]$\OT1/cmtt/m/n/10 https : / / github . com / mbeyeler / opencv -[]
 []


Underfull \hbox (badness 10000) in paragraph at lines 254--255
\OT1/cmtt/m/n/10 python -[] blueprints / blob / master /
 []


Underfull \hbox (badness 10000) in paragraph at lines 255--256
[][][]$\OT1/cmtt/m/n/10 https : / / analyticsindiamag . com /
 []


Underfull \hbox (badness 10000) in paragraph at lines 256--257
[][][]$\OT1/cmtt/m/n/10 https : / / www . tutorialspoint . com /
 []


Underfull \hbox (badness 10000) in paragraph at lines 256--257
\OT1/cmtt/m/n/10 cartooning -[] an -[] image -[] using -[] opencv -[]
 []


Underfull \hbox (badness 10000) in paragraph at lines 257--258
[][][]$\OT1/cmtt/m/n/10 https : / / www . askaswiss . com / 2016 / 01 / how -[]

 []


Underfull \hbox (badness 10000) in paragraph at lines 257--258
\OT1/cmtt/m/n/10 to -[] create -[] cartoon -[] effect -[] opencv -[]
 []


Underfull \hbox (badness 10000) in paragraph at lines 258--259
[][][]$\OT1/cmtt/m/n/10 https : / / data -[] flair . training / blogs /
 []


Underfull \hbox (badness 10000) in paragraph at lines 259--260
[][][]$\OT1/cmtt/m/n/10 https : / / subscription . packtpub .
 []


Underfull \hbox (badness 10000) in paragraph at lines 259--260
\OT1/cmtt/m/n/10 com / book / application _ development /
 []


Underfull \hbox (badness 10000) in paragraph at lines 259--260
\OT1/cmtt/m/n/10 9781785282690 / 1 / ch01lvl1sec12 /
 []


Underfull \hbox (badness 10000) in paragraph at lines 260--261
[][][]$\OT1/cmtt/m/n/10 https : / / towardsdatascience . com / turn -[]
 []


Underfull \hbox (badness 10000) in paragraph at lines 260--261
\OT1/cmtt/m/n/10 photos -[] into -[] cartoons -[] using -[] python -[]
 []


Underfull \hbox (badness 10000) in paragraph at lines 261--262
[][][]$\OT1/cmtt/m/n/10 https : / / www . geeksforgeeks . org /
 []


Underfull \hbox (badness 10000) in paragraph at lines 261--262
\OT1/cmtt/m/n/10 cartooning -[] an -[] image -[] using -[] opencv -[]
 []


Underfull \hbox (badness 10000) in paragraph at lines 262--263
[][][]$\OT1/cmtt/m/n/10 https : / / towardsdatascience . com / using -[]
 []


Underfull \hbox (badness 10000) in paragraph at lines 262--263
\OT1/cmtt/m/n/10 opencv -[] to -[] catoonize -[] an -[] image -[]
 []


Underfull \hbox (badness 10000) in paragraph at lines 263--264
[][][]$\OT1/cmtt/m/n/10 http : / / datahacker . rs / 002 -[] opencv -[]
 []


Underfull \hbox (badness 10000) in paragraph at lines 263--264
\OT1/cmtt/m/n/10 projects -[] how -[] to -[] cartoonize -[] an -[] image -[]
 []


Underfull \hbox (badness 10000) in paragraph at lines 264--265
[][][]$\OT1/cmtt/m/n/10 https : / / medium . com / boundlessinfo / a -[]
 []


Underfull \hbox (badness 10000) in paragraph at lines 264--265
\OT1/cmtt/m/n/10 mini -[] project -[] with -[] opencv -[] in -[] python -[]
 []


Underfull \hbox (badness 10000) in paragraph at lines 265--266
[][][]$\OT1/cmtt/m/n/10 https : / / jrtechs . net / data -[] science /
 []


Underfull \hbox (badness 10000) in paragraph at lines 266--267
[][][]$\OT1/cmtt/m/n/10 https : / / www . programmersought . com /
 []


Underfull \hbox (badness 10000) in paragraph at lines 267--268
[][][]$\OT1/cmtt/m/n/10 https : / / subscription . packtpub .
 []


Underfull \hbox (badness 10000) in paragraph at lines 267--268
\OT1/cmtt/m/n/10 com / book / application _ development /
 []


Underfull \hbox (badness 10000) in paragraph at lines 267--268
\OT1/cmtt/m/n/10 9781785283932 / 2 / ch02lvl1sec23 /
 []


Underfull \hbox (badness 10000) in paragraph at lines 268--269
[][][]$\OT1/cmtt/m/n/10 https : / / stackoverflow . com / questions /
 []


Underfull \hbox (badness 10000) in paragraph at lines 268--269
\OT1/cmtt/m/n/10 55508615 / how -[] to -[] pixelate -[] image -[] using -[]
 []


Underfull \hbox (badness 10000) in paragraph at lines 269--270
[][][]$\OT1/cmtt/m/n/10 https : / / www . freecodecamp . org / news /
 []


Underfull \hbox (badness 10000) in paragraph at lines 269--270
\OT1/cmtt/m/n/10 sketchify -[] turn -[] any -[] image -[] into -[] a -[]
 []


Underfull \hbox (badness 10000) in paragraph at lines 269--270
\OT1/cmtt/m/n/10 pencil -[] sketch -[] with -[] 10 -[] lines -[] of -[] code -[
]
 []


Underfull \hbox (badness 10000) in paragraph at lines 270--271
[][][]$\OT1/cmtt/m/n/10 https : / / medium . com / analytics -[]
 []


Underfull \hbox (badness 10000) in paragraph at lines 270--271
\OT1/cmtt/m/n/10 vidhya / create -[] your -[] own -[] sketch -[] with -[]
 []


Underfull \hbox (badness 10000) in paragraph at lines 271--272
[][][]$\OT1/cmtt/m/n/10 https : / / analyticsindiamag . com /
 []


Underfull \hbox (badness 10000) in paragraph at lines 271--272
\OT1/cmtt/m/n/10 converting -[] image -[] into -[] a -[] pencil -[]
 []


Underfull \hbox (badness 10000) in paragraph at lines 272--273
[][][]$\OT1/cmtt/m/n/10 https : / / bastelhalde . de / post / creating -[]
 []

[5

]
\openout2 = `Appendices/appendix.aux'.

 (Appendices/appendix.tex
Appendix A.
<../Images/Output_All/ALL_Cartoonify.jpg, id=324, 1190.64825pt x 1651.3695pt>
File: ../Images/Output_All/ALL_Cartoonify.jpg Graphic file (type jpg)
<use ../Images/Output_All/ALL_Cartoonify.jpg>
Package pdftex.def Info: ../Images/Output_All/ALL_Cartoonify.jpg  used on input
 line 16.
(pdftex.def)             Requested size: 221.48395pt x 307.18683pt.
<../Images/Output_All/ALL_Pencil_Sketch.jpg, id=325, 1190.64825pt x 1651.3695pt
>
File: ../Images/Output_All/ALL_Pencil_Sketch.jpg Graphic file (type jpg)
<use ../Images/Output_All/ALL_Pencil_Sketch.jpg>
Package pdftex.def Info: ../Images/Output_All/ALL_Pencil_Sketch.jpg  used on in
put line 24.
(pdftex.def)             Requested size: 221.48395pt x 307.18683pt.

LaTeX Warning: `h' float specifier changed to `ht'.

<../Images/Output_All/ALL_Pixelate.jpg, id=326, 1190.64825pt x 1651.3695pt>
File: ../Images/Output_All/ALL_Pixelate.jpg Graphic file (type jpg)
<use ../Images/Output_All/ALL_Pixelate.jpg>
Package pdftex.def Info: ../Images/Output_All/ALL_Pixelate.jpg  used on input l
ine 32.
(pdftex.def)             Requested size: 221.48395pt x 307.18683pt.

LaTeX Warning: `h' float specifier changed to `ht'.

<../Images/Output_All/ALL_Emboss.jpg, id=327, 1190.64825pt x 1651.3695pt>
File: ../Images/Output_All/ALL_Emboss.jpg Graphic file (type jpg)
<use ../Images/Output_All/ALL_Emboss.jpg>
Package pdftex.def Info: ../Images/Output_All/ALL_Emboss.jpg  used on input lin
e 39.
(pdftex.def)             Requested size: 221.48395pt x 307.18683pt.

LaTeX Warning: `h' float specifier changed to `ht'.

[6


 <../Images/Output_All/ALL_Cartoonify.jpg> <../Images/Output_All/ALL_Pencil_Ske
tch.jpg>] [7 <../Images/Output_All/ALL_Pixelate.jpg> <../Images/Output_All/ALL_
Emboss.jpg>]
Appendix B.
LaTeX Font Info:    Trying to load font information for TS1+bch on input line 5
2.
(/home/dinoanasta/.miktex/texmfs/install/tex/latex/psnfss/ts1bch.fd
File: ts1bch.fd 2004/10/18 font definitions for TS1/bch.
)
<../Images/Output_All/ALL_Duo.jpg, id=340, 1190.64825pt x 1651.3695pt>
File: ../Images/Output_All/ALL_Duo.jpg Graphic file (type jpg)
<use ../Images/Output_All/ALL_Duo.jpg>
Package pdftex.def Info: ../Images/Output_All/ALL_Duo.jpg  used on input line 6
8.
(pdftex.def)             Requested size: 221.48395pt x 307.18683pt.
<../Images/Output_All/ALL_Thermal1.jpg, id=341, 1190.64825pt x 1651.3695pt>
File: ../Images/Output_All/ALL_Thermal1.jpg Graphic file (type jpg)
<use ../Images/Output_All/ALL_Thermal1.jpg>
Package pdftex.def Info: ../Images/Output_All/ALL_Thermal1.jpg  used on input l
ine 75.
(pdftex.def)             Requested size: 221.48395pt x 307.18683pt.


LaTeX Warning: `h' float specifier changed to `ht'.

<../Images/Output_All/ALL_Thermal2.jpg, id=342, 1190.64825pt x 1651.3695pt>
File: ../Images/Output_All/ALL_Thermal2.jpg Graphic file (type jpg)
<use ../Images/Output_All/ALL_Thermal2.jpg>
Package pdftex.def Info: ../Images/Output_All/ALL_Thermal2.jpg  used on input l
ine 82.
(pdftex.def)             Requested size: 221.48395pt x 307.18683pt.

LaTeX Warning: `h' float specifier changed to `ht'.

<../Images/Output_All/ALL_Thermal3.jpg, id=343, 1190.64825pt x 1651.3695pt>
File: ../Images/Output_All/ALL_Thermal3.jpg Graphic file (type jpg)
<use ../Images/Output_All/ALL_Thermal3.jpg>
Package pdftex.def Info: ../Images/Output_All/ALL_Thermal3.jpg  used on input l
ine 89.
(pdftex.def)             Requested size: 221.48395pt x 307.18683pt.

LaTeX Warning: `h' float specifier changed to `ht'.

<../Images/Output_All/ALL_UV.jpg, id=344, 1190.64825pt x 1651.3695pt>
File: ../Images/Output_All/ALL_UV.jpg Graphic file (type jpg)
<use ../Images/Output_All/ALL_UV.jpg>
Package pdftex.def Info: ../Images/Output_All/ALL_UV.jpg  used on input line 96
.
(pdftex.def)             Requested size: 221.48395pt x 307.18683pt.

LaTeX Warning: `h' float specifier changed to `ht'.

<../Images/Output_All/ALL_WaterColour.jpg, id=345, 1190.64825pt x 1651.3695pt>
File: ../Images/Output_All/ALL_WaterColour.jpg Graphic file (type jpg)
<use ../Images/Output_All/ALL_WaterColour.jpg>
Package pdftex.def Info: ../Images/Output_All/ALL_WaterColour.jpg  used on inpu
t line 103.
(pdftex.def)             Requested size: 221.48395pt x 307.18683pt.

LaTeX Warning: `h' float specifier changed to `ht'.

<../Images/Output_All/ALL_Enhance.jpg, id=346, 1190.64825pt x 1651.3695pt>
File: ../Images/Output_All/ALL_Enhance.jpg Graphic file (type jpg)
<use ../Images/Output_All/ALL_Enhance.jpg>
Package pdftex.def Info: ../Images/Output_All/ALL_Enhance.jpg  used on input li
ne 110.
(pdftex.def)             Requested size: 221.48395pt x 307.18683pt.

LaTeX Warning: `h' float specifier changed to `ht'.

<../Images/Output_All/ALL_Glitch.jpg, id=347, 1190.64825pt x 1651.3695pt>
File: ../Images/Output_All/ALL_Glitch.jpg Graphic file (type jpg)
<use ../Images/Output_All/ALL_Glitch.jpg>
Package pdftex.def Info: ../Images/Output_All/ALL_Glitch.jpg  used on input lin
e 117.
(pdftex.def)             Requested size: 221.48395pt x 307.18683pt.

LaTeX Warning: `h' float specifier changed to `ht'.

) [8

 <../Images/Output_All/ALL_Duo.jpg> <../Images/Output_All/ALL_Thermal1.jpg>] [9
 <../Images/Output_All/ALL_Thermal2.jpg> <../Images/Output_All/ALL_Thermal3.jpg
>] [10 <../Images/Output_All/ALL_UV.jpg> <../Images/Output_All/ALL_WaterColour.
jpg>] [11 <../Images/Output_All/ALL_Enhance.jpg> <../Images/Output_All/ALL_Glit
ch.jpg>] (cartoonify.aux (Appendices/appendix.aux))
Package rerunfilecheck Info: File `cartoonify.out' has not changed.
(rerunfilecheck)             Checksum: 31F5DFECCB72F28A489C61029817BBCB;3658.
 ) 
Here is how much of TeX's memory you used:
 25283 strings out of 481257
 486386 string characters out of 2907981
 763256 words of memory out of 3000000
 41952 multiletter control sequences out of 15000+600000
 423253 words of font info for 57 fonts, out of 8000000 for 9000
 0 hyphenation exceptions out of 8191
 102i,8n,103p,588b,552s stack positions out of 5000i,500n,10000p,200000b,80000s
{/home/dinoanasta/.miktex/texmfs/install/fonts/enc/dvips/base/8r.enc}</home/d
inoanasta/.miktex/texmfs/install/fonts/type1/bitstrea/charter/bchb8a.pfb></home
/dinoanasta/.miktex/texmfs/install/fonts/type1/bitstrea/charter/bchr8a.pfb></ho
me/dinoanasta/.miktex/texmfs/install/fonts/type1/public/amsfonts/cm/cmtt10.pfb>

Output written on cartoonify.pdf (15 pages, 317717713 bytes).
PDF statistics:
 398 PDF objects out of 1000 (max. 8388607)
 86 named destinations out of 1000 (max. 500000)
 338 words of extra memory for PDF output out of 10000 (max. 10000000)

