\BOOKMARK [0][]{Doc-Start}{\376\377\000P\000r\000e\000f\000a\000c\000e}{}% 1
\BOOKMARK [1][]{section*.1}{\376\377\000D\000e\000c\000l\000a\000r\000a\000t\000i\000o\000n}{Doc-Start}% 2
\BOOKMARK [1][]{section*.2}{\376\377\000T\000a\000b\000l\000e\000\040\000o\000f\000\040\000C\000o\000n\000t\000e\000n\000t\000s}{Doc-Start}% 3
\BOOKMARK [1][]{section*.4}{\376\377\000L\000i\000s\000t\000\040\000o\000f\000\040\000F\000i\000g\000u\000r\000e\000s}{Doc-Start}% 4
\BOOKMARK [0][]{chapter.1}{\376\377\000I\000n\000t\000r\000o\000d\000u\000c\000t\000i\000o\000n}{}% 5
\BOOKMARK [0][]{chapter.2}{\376\377\000B\000o\000d\000y}{}% 6
\BOOKMARK [1][]{section.2.1}{\376\377\000M\000a\000i\000n\000\040\000E\000f\000f\000e\000c\000t\000s}{chapter.2}% 7
\BOOKMARK [2][]{subsection.2.1.1}{\376\377\000M\000a\000i\000n\000\040\000E\000f\000f\000e\000c\000t\000\040\000\043\0001\000\040\000-\000\040\000C\000a\000r\000t\000o\000o\000n\000i\000f\000y}{section.2.1}% 8
\BOOKMARK [2][]{subsection.2.1.2}{\376\377\000M\000a\000i\000n\000\040\000E\000f\000f\000e\000c\000t\000\040\000\043\0002\000\040\000-\000\040\000P\000e\000n\000c\000i\000l\000\040\000S\000k\000e\000t\000c\000h}{section.2.1}% 9
\BOOKMARK [2][]{subsection.2.1.3}{\376\377\000M\000a\000i\000n\000\040\000E\000f\000f\000e\000c\000t\000\040\000\043\0003\000\040\000-\000\040\000P\000i\000x\000e\000l\000a\000t\000e}{section.2.1}% 10
\BOOKMARK [2][]{subsection.2.1.4}{\376\377\000M\000a\000i\000n\000\040\000E\000f\000f\000e\000c\000t\000\040\000\043\0004\000\040\000-\000\040\000E\000m\000b\000o\000s\000s}{section.2.1}% 11
\BOOKMARK [1][]{section.2.2}{\376\377\000E\000x\000t\000r\000a\000\040\000E\000f\000f\000e\000c\000t\000s}{chapter.2}% 12
\BOOKMARK [2][]{subsection.2.2.1}{\376\377\000E\000x\000t\000r\000a\000\040\000E\000f\000f\000e\000c\000t\000\040\000\043\0001\000\040\000-\000\040\000C\000o\000l\000o\000r\000M\000a\000p\000s}{section.2.2}% 13
\BOOKMARK [3][]{subsubsection.2.2.1.1}{\376\377\000D\000u\000o\000\040\000C\000h\000r\000o\000m\000a\000t\000i\000c}{subsection.2.2.1}% 14
\BOOKMARK [3][]{subsubsection.2.2.1.2}{\376\377\000T\000h\000e\000r\000m\000a\000l\000\040\0001}{subsection.2.2.1}% 15
\BOOKMARK [3][]{subsubsection.2.2.1.3}{\376\377\000T\000h\000e\000r\000m\000a\000l\000\040\0002}{subsection.2.2.1}% 16
\BOOKMARK [3][]{subsubsection.2.2.1.4}{\376\377\000T\000h\000e\000r\000m\000a\000l\000\040\0003}{subsection.2.2.1}% 17
\BOOKMARK [3][]{subsubsection.2.2.1.5}{\376\377\000U\000V}{subsection.2.2.1}% 18
\BOOKMARK [2][]{subsection.2.2.2}{\376\377\000E\000x\000t\000r\000a\000\040\000E\000f\000f\000e\000c\000t\000\040\000\043\0002\000\040\000-\000\040\000W\000a\000t\000e\000r\000C\000o\000l\000o\000r}{section.2.2}% 19
\BOOKMARK [2][]{subsection.2.2.3}{\376\377\000E\000x\000t\000r\000a\000\040\000E\000f\000f\000e\000c\000t\000\040\000\043\0003\000\040\000-\000\040\000E\000n\000h\000a\000n\000c\000e}{section.2.2}% 20
\BOOKMARK [2][]{subsection.2.2.4}{\376\377\000E\000x\000t\000r\000a\000\040\000E\000f\000f\000e\000c\000t\000\040\000\043\0004\000\040\000-\000\040\000G\000l\000i\000t\000c\000h}{section.2.2}% 21
\BOOKMARK [1][]{section.2.3}{\376\377\000R\000e\000f\000e\000r\000e\000n\000c\000e\000s}{chapter.2}% 22
\BOOKMARK [0][]{appendix.A}{\376\377\000M\000a\000i\000n\000\040\000F\000i\000l\000t\000e\000r\000s\000\040\000a\000n\000d\000\040\000E\000f\000f\000e\000c\000t\000s}{}% 23
\BOOKMARK [0][]{appendix.B}{\376\377\000E\000x\000t\000r\000a\000\040\000F\000i\000l\000t\000e\000r\000s\000\040\000a\000n\000d\000\040\000E\000f\000f\000e\000c\000t\000s}{}% 24
